0 info it worked if it ends with ok
1 verbose cli [ '/usr/local/Cellar/node/5.1.1/bin/node',
1 verbose cli   '/usr/local/bin/npm',
1 verbose cli   'run',
1 verbose cli   'watch-client' ]
2 info using npm@3.3.12
3 info using node@v5.1.1
4 verbose run-script [ 'prewatch-client', 'watch-client', 'postwatch-client' ]
5 info lifecycle alexdbuchanan.com@1.0.0~prewatch-client: alexdbuchanan.com@1.0.0
6 silly lifecycle alexdbuchanan.com@1.0.0~prewatch-client: no script for prewatch-client, continuing
7 info lifecycle alexdbuchanan.com@1.0.0~watch-client: alexdbuchanan.com@1.0.0
8 verbose lifecycle alexdbuchanan.com@1.0.0~watch-client: unsafe-perm in lifecycle true
9 verbose lifecycle alexdbuchanan.com@1.0.0~watch-client: PATH: /usr/local/lib/node_modules/npm/bin/node-gyp-bin:/Users/Alex_Buchanan/My_Website/node_modules/.bin:/usr/local/lib/node_modules/npm/bin/node-gyp-bin:/Users/Alex_Buchanan/My_Website/node_modules/.bin:/Users/Alex_Buchanan/.rvm/gems/ruby-2.0.0-p481@railstutorial_rails_4_0/bin:/Users/Alex_Buchanan/.rvm/gems/ruby-2.0.0-p481@global/bin:/Users/Alex_Buchanan/.rvm/rubies/ruby-2.0.0-p481/bin:/usr/local/bin:/usr/bin:/bin:/usr/sbin:/sbin:/Users/Alex_Buchanan/.rvm/bin
10 verbose lifecycle alexdbuchanan.com@1.0.0~watch-client: CWD: /Users/Alex_Buchanan/My_Website
11 silly lifecycle alexdbuchanan.com@1.0.0~watch-client: Args: [ '-c', 'better-npm-run watch-client' ]
12 silly lifecycle alexdbuchanan.com@1.0.0~watch-client: Returned: code: 1  signal: null
13 info lifecycle alexdbuchanan.com@1.0.0~watch-client: Failed to exec watch-client script
14 verbose stack Error: alexdbuchanan.com@1.0.0 watch-client: `better-npm-run watch-client`
14 verbose stack Exit status 1
14 verbose stack     at EventEmitter.<anonymous> (/usr/local/lib/node_modules/npm/lib/utils/lifecycle.js:232:16)
14 verbose stack     at emitTwo (events.js:87:13)
14 verbose stack     at EventEmitter.emit (events.js:172:7)
14 verbose stack     at ChildProcess.<anonymous> (/usr/local/lib/node_modules/npm/lib/utils/spawn.js:24:14)
14 verbose stack     at emitTwo (events.js:87:13)
14 verbose stack     at ChildProcess.emit (events.js:172:7)
14 verbose stack     at maybeClose (internal/child_process.js:818:16)
14 verbose stack     at Process.ChildProcess._handle.onexit (internal/child_process.js:211:5)
15 verbose pkgid alexdbuchanan.com@1.0.0
16 verbose cwd /Users/Alex_Buchanan/My_Website
17 error Darwin 15.2.0
18 error argv "/usr/local/Cellar/node/5.1.1/bin/node" "/usr/local/bin/npm" "run" "watch-client"
19 error node v5.1.1
20 error npm  v3.3.12
21 error code ELIFECYCLE
22 error alexdbuchanan.com@1.0.0 watch-client: `better-npm-run watch-client`
22 error Exit status 1
23 error Failed at the alexdbuchanan.com@1.0.0 watch-client script 'better-npm-run watch-client'.
23 error Make sure you have the latest version of node.js and npm installed.
23 error If you do, this is most likely a problem with the alexdbuchanan.com package,
23 error not with npm itself.
23 error Tell the author that this fails on your system:
23 error     better-npm-run watch-client
23 error You can get their info via:
23 error     npm owner ls alexdbuchanan.com
23 error There is likely additional logging output above.
24 verbose exit [ 1, true ]
